<?xml version="1.0" encoding="UTF-8"?>
<!-- Generated by org.testng.reporters.JUnitReportReporter -->
<testsuite hostname="LAPTOP-5TIHE3J8" failures="0" tests="3" name="testLoginTrello" time="84.558" errors="0" timestamp="2022-09-24T15:22:26 IDT" skipped="0">
  <testcase classname="testLoginTrello" name="login" time="8.245"/>
  <system-out/>
  <testcase classname="testLoginTrello" name="click" time="25.505"/>
  <system-out/>
  <testcase classname="testLoginTrello" name="addtest" time="50.808"/>
  <system-out/>
</testsuite> <!-- testLoginTrello -->
