<?xml version="1.0" encoding="UTF-8"?>
<!-- Generated by org.testng.reporters.JUnitReportReporter -->
<testsuite hostname="LAPTOP-5TIHE3J8" failures="0" tests="1" name="TestBin" time="12.830" errors="0" timestamp="2022-09-24T13:28:03 IDT" skipped="0">
  <testcase classname="TestBin" name="testBing" time="12.830"/>
  <system-out/>
</testsuite> <!-- TestBin -->
