<?xml version="1.0" encoding="UTF-8"?>
<!-- Generated by org.testng.reporters.JUnitReportReporter -->
<testsuite hostname="LAPTOP-5TIHE3J8" failures="0" tests="1" name="TestPassword" time="10.023" errors="0" timestamp="2022-10-01T11:33:20 IDT" skipped="0">
  <testcase classname="TestPassword" name="login" time="10.023"/>
  <system-out/>
</testsuite> <!-- TestPassword -->
