<?xml version="1.0" encoding="UTF-8"?>
<!-- Generated by org.testng.reporters.JUnitReportReporter -->
<testsuite hostname="LAPTOP-5TIHE3J8" failures="0" tests="2" name="TestPassword" time="8.488" errors="0" timestamp="2022-10-01T14:40:44 IDT" skipped="0">
  <testcase classname="TestPassword" name="test22" time="0.005"/>
  <system-out/>
  <testcase classname="TestPassword" name="login" time="8.483"/>
  <system-out/>
</testsuite> <!-- TestPassword -->
