<?xml version="1.0" encoding="UTF-8"?>
<!-- Generated by org.testng.reporters.JUnitReportReporter -->
<testsuite hostname="LAPTOP-5TIHE3J8" failures="0" tests="1" name="testLogin" time="7.431" errors="0" timestamp="2022-09-17T14:04:14 IDT" skipped="0">
  <testcase classname="testLogin" name="logout" time="7.431"/>
  <system-out/>
</testsuite> <!-- testLogin -->
